Using pre-set license
Built from '2020.2/release' branch; Version is '2020.2.0f1 (3721df5a8b28) revision 3613151'; Using compiler version '192528614'; Build Type 'Release'
OS: 'Windows 10  (10.0.0) 64bit' Language: 'en' Physical Memory: 8131 MB
BatchMode: 1, IsHumanControllingUs: 0, StartBugReporterOnCrash: 0, Is64bit: 1, IsPro: 0

 COMMAND LINE ARGUMENTS:
C:\Program Files\Unity\Hub\Editor\2020.2.0f1\Editor\Unity.exe
-adb2
-batchMode
-noUpm
-name
AssetImportWorker0
-projectPath
D:/aaron/Documents/College/Programming Fundamentals/Unity/2D Adventure Game/2D Adventure Game
-logFile
Logs/AssetImportWorker0.log
-srvPort
55302
Successfully changed project path to: D:/aaron/Documents/College/Programming Fundamentals/Unity/2D Adventure Game/2D Adventure Game
D:/aaron/Documents/College/Programming Fundamentals/Unity/2D Adventure Game/2D Adventure Game
Using Asset Import Pipeline V2.
Refreshing native plugins compatible for Editor in 52.29 ms, found 1 plugins.
Preloading 0 native plugins for Editor in 0.00 ms.
Initialize engine version: 2020.2.0f1 (3721df5a8b28)
[Subsystems] Discovering subsystems at path C:/Program Files/Unity/Hub/Editor/2020.2.0f1/Editor/Data/Resources/UnitySubsystems
[Subsystems] Discovering subsystems at path D:/aaron/Documents/College/Programming Fundamentals/Unity/2D Adventure Game/2D Adventure Game/Assets
GfxDevice: creating device client; threaded=0
Direct3D:
    Version:  Direct3D 11.0 [level 11.1]
    Renderer: NVIDIA GeForce GTX 960 (ID=0x1401)
    Vendor:   
    VRAM:     2007 MB
    Driver:   27.21.14.6140
Initialize mono
Mono path[0] = 'C:/Program Files/Unity/Hub/Editor/2020.2.0f1/Editor/Data/Managed'
Mono path[1] = 'C:/Program Files/Unity/Hub/Editor/2020.2.0f1/Editor/Data/MonoBleedingEdge/lib/mono/unityjit'
Mono config path = 'C:/Program Files/Unity/Hub/Editor/2020.2.0f1/Editor/Data/MonoBleedingEdge/etc'
Using monoOptions --debugger-agent=transport=dt_socket,embedding=1,server=y,suspend=n,address=127.0.0.1:56952
Begin MonoManager ReloadAssembly
Registering precompiled unity dll's ...
Register platform support module: C:/Program Files/Unity/Hub/Editor/2020.2.0f1/Editor/Data/PlaybackEngines/WebGLSupport/UnityEditor.WebGL.Extensions.dll
Register platform support module: C:/Program Files/Unity/Hub/Editor/2020.2.0f1/Editor/Data/PlaybackEngines/WindowsStandaloneSupport/UnityEditor.WindowsStandalone.Extensions.dll
Registered in 0.003928 seconds.
Native extension for WindowsStandalone target not found
Native extension for WebGL target not found
Refreshing native plugins compatible for Editor in 45.01 ms, found 1 plugins.
Preloading 0 native plugins for Editor in 0.00 ms.
Invoked RoslynAnalysisRunner static constructor.
RoslynAnalysisRunner will not be running.
RoslynAnalysisRunner has terminated.
Mono: successfully reloaded assembly
- Completed reload, in  4.045 seconds
Platform modules already initialized, skipping
Registering precompiled user dll's ...
Registered in 0.001599 seconds.
Begin MonoManager ReloadAssembly
Native extension for WindowsStandalone target not found
Native extension for WebGL target not found
Refreshing native plugins compatible for Editor in 46.70 ms, found 1 plugins.
Preloading 0 native plugins for Editor in 0.00 ms.
Invoked RoslynAnalysisRunner static constructor.
RoslynAnalysisRunner will not be running.
RoslynAnalysisRunner has terminated.
Mono: successfully reloaded assembly
- Completed reload, in  1.271 seconds
Platform modules already initialized, skipping
========================================================================
Worker process is ready to serve import requests
Launched and connected shader compiler UnityShaderCompiler.exe after 0.06 seconds
Refreshing native plugins compatible for Editor in 0.60 ms, found 1 plugins.
Preloading 0 native plugins for Editor in 0.00 ms.
Unloading 1907 Unused Serialized files (Serialized files now loaded: 0)
System memory in use before: 92.0 MB.
System memory in use after: 92.0 MB.

Unloading 24 unused Assets to reduce memory usage. Loaded Objects now: 2346.
Total: 4.176500 ms (FindLiveObjects: 0.585900 ms CreateObjectMapping: 0.254100 ms MarkObjects: 3.169400 ms  DeleteObjects: 0.164900 ms)

========================================================================
Received Import Request.
  path: Assets/Textures/Profile.asset
  artifactKey: Guid(27819d5c276402a499e53237521647a9) Importer(815301076,1909f56bfc062723c751e8b465ee728b)
Start importing Assets/Textures/Profile.asset using Guid(27819d5c276402a499e53237521647a9) Importer(815301076,1909f56bfc062723c751e8b465ee728b)  -> (artifact id: '8377b2efe0cbda5333d47d4ada868321') in 0.056505 seconds
  Import took 0.060775 seconds .

========================================================================
Received Import Request.
  Time since last request: 653.991237 seconds.
  path: Assets/Textures/Profile.asset
  artifactKey: Guid(27819d5c276402a499e53237521647a9) Importer(815301076,1909f56bfc062723c751e8b465ee728b)
Start importing Assets/Textures/Profile.asset using Guid(27819d5c276402a499e53237521647a9) Importer(815301076,1909f56bfc062723c751e8b465ee728b)  -> (artifact id: 'e88aa77e288d43b33475191e19f55669') in 0.030013 seconds
  Import took 0.037749 seconds .

========================================================================
Received Import Request.
  Time since last request: 8.497445 seconds.
  path: Assets/Textures/Profile.asset
  artifactKey: Guid(27819d5c276402a499e53237521647a9) Importer(815301076,1909f56bfc062723c751e8b465ee728b)
Start importing Assets/Textures/Profile.asset using Guid(27819d5c276402a499e53237521647a9) Importer(815301076,1909f56bfc062723c751e8b465ee728b)  -> (artifact id: '4c06f2a50d2d4dc8a69bf694dbb6b2a6') in 0.018704 seconds
  Import took 0.026802 seconds .

========================================================================
Received Import Request.
  Time since last request: 367.060728 seconds.
  path: ProjectSettings/TagManager.asset
  artifactKey: Guid(00000000000000003000000000000000) Importer(815301076,1909f56bfc062723c751e8b465ee728b)
Start importing ProjectSettings/TagManager.asset using Guid(00000000000000003000000000000000) Importer(815301076,1909f56bfc062723c751e8b465ee728b)  -> (artifact id: 'e0b980f315cd5757125af005ed212271') in 0.011718 seconds
  Import took 0.024746 seconds .

========================================================================
Received Import Request.
  Time since last request: 175.133745 seconds.
  path: Assets/Textures/Profile.asset
  artifactKey: Guid(27819d5c276402a499e53237521647a9) Importer(815301076,1909f56bfc062723c751e8b465ee728b)
Start importing Assets/Textures/Profile.asset using Guid(27819d5c276402a499e53237521647a9) Importer(815301076,1909f56bfc062723c751e8b465ee728b)  -> (artifact id: '402aca91fb5deb9983345ceac00feec7') in 0.013156 seconds
  Import took 0.018218 seconds .

AssetImportWorkerClient::OnTransportError - code=2 error=End of file
