Using pre-set license
Built from '2020.2/release' branch; Version is '2020.2.4f1 (becced5a802b) revision 12504301'; Using compiler version '192528614'; Build Type 'Release'
OS: 'Windows 10 Pro; OS build 19042.804; Version 2009; 64bit' Language: 'en' Physical Memory: 8131 MB
BatchMode: 1, IsHumanControllingUs: 0, StartBugReporterOnCrash: 0, Is64bit: 1, IsPro: 0

 COMMAND LINE ARGUMENTS:
C:\Program Files\Unity\Hub\Editor\2020.2.4f1\Editor\Unity.exe
-adb2
-batchMode
-noUpm
-name
AssetImportWorker1
-projectPath
D:/aaron/Documents/College/Programming Fundamentals/Unity/2D Adventure Game/2D Adventure Game
-logFile
Logs/AssetImportWorker1.log
-srvPort
54254
Successfully changed project path to: D:/aaron/Documents/College/Programming Fundamentals/Unity/2D Adventure Game/2D Adventure Game
D:/aaron/Documents/College/Programming Fundamentals/Unity/2D Adventure Game/2D Adventure Game
Using Asset Import Pipeline V2.
Refreshing native plugins compatible for Editor in 46.33 ms, found 1 plugins.
Preloading 0 native plugins for Editor in 0.00 ms.
Initialize engine version: 2020.2.4f1 (becced5a802b)
[Subsystems] Discovering subsystems at path C:/Program Files/Unity/Hub/Editor/2020.2.4f1/Editor/Data/Resources/UnitySubsystems
[Subsystems] Discovering subsystems at path D:/aaron/Documents/College/Programming Fundamentals/Unity/2D Adventure Game/2D Adventure Game/Assets
GfxDevice: creating device client; threaded=0
Direct3D:
    Version:  Direct3D 11.0 [level 11.1]
    Renderer: NVIDIA GeForce GTX 960 (ID=0x1401)
    Vendor:   
    VRAM:     2007 MB
    Driver:   27.21.14.6140
Initialize mono
Mono path[0] = 'C:/Program Files/Unity/Hub/Editor/2020.2.4f1/Editor/Data/Managed'
Mono path[1] = 'C:/Program Files/Unity/Hub/Editor/2020.2.4f1/Editor/Data/MonoBleedingEdge/lib/mono/unityjit'
Mono config path = 'C:/Program Files/Unity/Hub/Editor/2020.2.4f1/Editor/Data/MonoBleedingEdge/etc'
Using monoOptions --debugger-agent=transport=dt_socket,embedding=1,server=y,suspend=n,address=127.0.0.1:56496
Begin MonoManager ReloadAssembly
Registering precompiled unity dll's ...
Register platform support module: C:/Program Files/Unity/Hub/Editor/2020.2.4f1/Editor/Data/PlaybackEngines/WebGLSupport/UnityEditor.WebGL.Extensions.dll
Register platform support module: C:/Program Files/Unity/Hub/Editor/2020.2.4f1/Editor/Data/PlaybackEngines/WindowsStandaloneSupport/UnityEditor.WindowsStandalone.Extensions.dll
Registered in 0.004138 seconds.
Native extension for WindowsStandalone target not found
Native extension for WebGL target not found
Refreshing native plugins compatible for Editor in 46.24 ms, found 1 plugins.
Preloading 0 native plugins for Editor in 0.00 ms.
Invoked RoslynAnalysisRunner static constructor.
RoslynAnalysisRunner will not be running.
RoslynAnalysisRunner has terminated.
Mono: successfully reloaded assembly
- Completed reload, in  1.643 seconds
Platform modules already initialized, skipping
Registering precompiled user dll's ...
Registered in 0.001335 seconds.
Begin MonoManager ReloadAssembly
Native extension for WindowsStandalone target not found
Native extension for WebGL target not found
Refreshing native plugins compatible for Editor in 53.03 ms, found 1 plugins.
Preloading 0 native plugins for Editor in 0.00 ms.
Invoked RoslynAnalysisRunner static constructor.
RoslynAnalysisRunner will not be running.
RoslynAnalysisRunner has terminated.
Mono: successfully reloaded assembly
- Completed reload, in  4.318 seconds
Platform modules already initialized, skipping
========================================================================
Worker process is ready to serve import requests
Launched and connected shader compiler UnityShaderCompiler.exe after 0.22 seconds
Refreshing native plugins compatible for Editor in 0.45 ms, found 1 plugins.
Preloading 0 native plugins for Editor in 0.00 ms.
Unloading 1922 Unused Serialized files (Serialized files now loaded: 0)
System memory in use before: 92.9 MB.
System memory in use after: 93.0 MB.

Unloading 19 unused Assets to reduce memory usage. Loaded Objects now: 2368.
Total: 3.112700 ms (FindLiveObjects: 0.457000 ms CreateObjectMapping: 0.194500 ms MarkObjects: 2.377700 ms  DeleteObjects: 0.081600 ms)

========================================================================
Received Import Request.
  path: Assets/Prefabs/Player.prefab
  artifactKey: Guid(7d2af7e78463c5c40bd0c4c8d7c71fe2) Importer(815301076,1909f56bfc062723c751e8b465ee728b)
Start importing Assets/Prefabs/Player.prefab using Guid(7d2af7e78463c5c40bd0c4c8d7c71fe2) Importer(815301076,1909f56bfc062723c751e8b465ee728b)  -> (artifact id: 'dd047809fbd20323e0fa45e952995b7a') in 0.187973 seconds
  Import took 0.208175 seconds .

========================================================================
Received Prepare
Registering precompiled user dll's ...
Registered in 0.001348 seconds.
Begin MonoManager ReloadAssembly
Native extension for WindowsStandalone target not found
Native extension for WebGL target not found
Refreshing native plugins compatible for Editor in 0.44 ms, found 1 plugins.
Preloading 0 native plugins for Editor in 0.00 ms.
Invoked RoslynAnalysisRunner static constructor.
RoslynAnalysisRunner will not be running.
RoslynAnalysisRunner has terminated.
Mono: successfully reloaded assembly
- Completed reload, in  1.084 seconds
Platform modules already initialized, skipping
Refreshing native plugins compatible for Editor in 0.44 ms, found 1 plugins.
Preloading 0 native plugins for Editor in 0.00 ms.
Unloading 1885 Unused Serialized files (Serialized files now loaded: 0)
System memory in use before: 93.5 MB.
System memory in use after: 93.6 MB.

Unloading 7 unused Assets to reduce memory usage. Loaded Objects now: 2378.
Total: 2.522500 ms (FindLiveObjects: 0.303500 ms CreateObjectMapping: 0.153700 ms MarkObjects: 2.046400 ms  DeleteObjects: 0.017700 ms)

========================================================================
Received Prepare
Registering precompiled user dll's ...
Registered in 0.002396 seconds.
Begin MonoManager ReloadAssembly
Native extension for WindowsStandalone target not found
Native extension for WebGL target not found
Refreshing native plugins compatible for Editor in 0.45 ms, found 1 plugins.
Preloading 0 native plugins for Editor in 0.00 ms.
Invoked RoslynAnalysisRunner static constructor.
RoslynAnalysisRunner will not be running.
RoslynAnalysisRunner has terminated.
Mono: successfully reloaded assembly
- Completed reload, in  1.084 seconds
Platform modules already initialized, skipping
Refreshing native plugins compatible for Editor in 0.54 ms, found 1 plugins.
Preloading 0 native plugins for Editor in 0.00 ms.
Unloading 1885 Unused Serialized files (Serialized files now loaded: 0)
System memory in use before: 93.5 MB.
System memory in use after: 93.6 MB.

Unloading 7 unused Assets to reduce memory usage. Loaded Objects now: 2381.
Total: 2.688900 ms (FindLiveObjects: 0.253800 ms CreateObjectMapping: 0.162000 ms MarkObjects: 2.234300 ms  DeleteObjects: 0.037600 ms)

========================================================================
Received Import Request.
  Time since last request: 439.191710 seconds.
  path: Assets/Scrips/PlatformMovement.cs
  artifactKey: Guid(ac915a7d3bd93a54392049aa1f825cf6) Importer(815301076,1909f56bfc062723c751e8b465ee728b)
Start importing Assets/Scrips/PlatformMovement.cs using Guid(ac915a7d3bd93a54392049aa1f825cf6) Importer(815301076,1909f56bfc062723c751e8b465ee728b)  -> (artifact id: '3b085197ae6d3fe50477995ebb4188f0') in 0.040692 seconds
  Import took 0.062413 seconds .

========================================================================
Received Prepare
Registering precompiled user dll's ...
Registered in 0.001323 seconds.
Begin MonoManager ReloadAssembly
Native extension for WindowsStandalone target not found
Native extension for WebGL target not found
Refreshing native plugins compatible for Editor in 0.98 ms, found 1 plugins.
Preloading 0 native plugins for Editor in 0.00 ms.
Invoked RoslynAnalysisRunner static constructor.
RoslynAnalysisRunner will not be running.
RoslynAnalysisRunner has terminated.
Mono: successfully reloaded assembly
- Completed reload, in  1.779 seconds
Platform modules already initialized, skipping
Refreshing native plugins compatible for Editor in 0.45 ms, found 1 plugins.
Preloading 0 native plugins for Editor in 0.00 ms.
Unloading 1886 Unused Serialized files (Serialized files now loaded: 0)
System memory in use before: 93.6 MB.
System memory in use after: 93.7 MB.

Unloading 7 unused Assets to reduce memory usage. Loaded Objects now: 2385.
Total: 3.399600 ms (FindLiveObjects: 0.476300 ms CreateObjectMapping: 0.203100 ms MarkObjects: 2.688400 ms  DeleteObjects: 0.029700 ms)

========================================================================
Received Prepare
Registering precompiled user dll's ...
Registered in 0.010792 seconds.
Begin MonoManager ReloadAssembly
Native extension for WindowsStandalone target not found
Native extension for WebGL target not found
Refreshing native plugins compatible for Editor in 0.47 ms, found 1 plugins.
Preloading 0 native plugins for Editor in 0.00 ms.
Invoked RoslynAnalysisRunner static constructor.
RoslynAnalysisRunner will not be running.
RoslynAnalysisRunner has terminated.
Mono: successfully reloaded assembly
- Completed reload, in  1.123 seconds
Platform modules already initialized, skipping
Refreshing native plugins compatible for Editor in 0.45 ms, found 1 plugins.
Preloading 0 native plugins for Editor in 0.00 ms.
Unloading 1886 Unused Serialized files (Serialized files now loaded: 0)
System memory in use before: 93.6 MB.
System memory in use after: 93.7 MB.

Unloading 7 unused Assets to reduce memory usage. Loaded Objects now: 2388.
Total: 2.769300 ms (FindLiveObjects: 0.225200 ms CreateObjectMapping: 0.082700 ms MarkObjects: 2.428900 ms  DeleteObjects: 0.030700 ms)

========================================================================
Received Import Request.
  Time since last request: 674.705160 seconds.
  path: Assets/Prefabs
  artifactKey: Guid(37bcfbdc9e9b9344e8222d8a504de4eb) Importer(815301076,1909f56bfc062723c751e8b465ee728b)
Start importing Assets/Prefabs using Guid(37bcfbdc9e9b9344e8222d8a504de4eb) Importer(815301076,1909f56bfc062723c751e8b465ee728b)  -> (artifact id: '3c69fdba767c7465e303f3caf33e4a95') in 0.011966 seconds
  Import took 0.016578 seconds .

========================================================================
Received Import Request.
  Time since last request: 0.000275 seconds.
  path: Assets/Scrips/PlatformMovement.cs
  artifactKey: Guid(ac915a7d3bd93a54392049aa1f825cf6) Importer(815301076,1909f56bfc062723c751e8b465ee728b)
Start importing Assets/Scrips/PlatformMovement.cs using Guid(ac915a7d3bd93a54392049aa1f825cf6) Importer(815301076,1909f56bfc062723c751e8b465ee728b)  -> (artifact id: '492fc2b8e1dd62a55bf8439af30f6969') in 0.008840 seconds
  Import took 0.013055 seconds .

========================================================================
Received Prepare
Registering precompiled user dll's ...
Registered in 0.001359 seconds.
Begin MonoManager ReloadAssembly
Native extension for WindowsStandalone target not found
Native extension for WebGL target not found
Refreshing native plugins compatible for Editor in 0.38 ms, found 1 plugins.
Preloading 0 native plugins for Editor in 0.00 ms.
Invoked RoslynAnalysisRunner static constructor.
RoslynAnalysisRunner will not be running.
RoslynAnalysisRunner has terminated.
Mono: successfully reloaded assembly
- Completed reload, in  1.095 seconds
Platform modules already initialized, skipping
Refreshing native plugins compatible for Editor in 0.68 ms, found 1 plugins.
Preloading 0 native plugins for Editor in 0.00 ms.
Unloading 1886 Unused Serialized files (Serialized files now loaded: 0)
System memory in use before: 93.6 MB.
System memory in use after: 93.7 MB.

Unloading 7 unused Assets to reduce memory usage. Loaded Objects now: 2391.
Total: 2.974300 ms (FindLiveObjects: 0.222800 ms CreateObjectMapping: 0.609400 ms MarkObjects: 2.119200 ms  DeleteObjects: 0.021200 ms)

========================================================================
Received Prepare
Registering precompiled user dll's ...
Registered in 0.001350 seconds.
Begin MonoManager ReloadAssembly
Native extension for WindowsStandalone target not found
Native extension for WebGL target not found
Refreshing native plugins compatible for Editor in 0.42 ms, found 1 plugins.
Preloading 0 native plugins for Editor in 0.00 ms.
Invoked RoslynAnalysisRunner static constructor.
RoslynAnalysisRunner will not be running.
RoslynAnalysisRunner has terminated.
Mono: successfully reloaded assembly
- Completed reload, in  1.087 seconds
Platform modules already initialized, skipping
Refreshing native plugins compatible for Editor in 0.44 ms, found 1 plugins.
Preloading 0 native plugins for Editor in 0.00 ms.
Unloading 1886 Unused Serialized files (Serialized files now loaded: 0)
System memory in use before: 93.6 MB.
System memory in use after: 93.7 MB.

Unloading 7 unused Assets to reduce memory usage. Loaded Objects now: 2394.
Total: 3.891600 ms (FindLiveObjects: 0.556400 ms CreateObjectMapping: 0.177700 ms MarkObjects: 3.134700 ms  DeleteObjects: 0.021200 ms)

========================================================================
Received Prepare
Registering precompiled user dll's ...
Registered in 0.001574 seconds.
Begin MonoManager ReloadAssembly
Native extension for WindowsStandalone target not found
Native extension for WebGL target not found
Refreshing native plugins compatible for Editor in 0.54 ms, found 1 plugins.
Preloading 0 native plugins for Editor in 0.00 ms.
Invoked RoslynAnalysisRunner static constructor.
RoslynAnalysisRunner will not be running.
RoslynAnalysisRunner has terminated.
Mono: successfully reloaded assembly
- Completed reload, in  1.163 seconds
Platform modules already initialized, skipping
Refreshing native plugins compatible for Editor in 0.43 ms, found 1 plugins.
Preloading 0 native plugins for Editor in 0.00 ms.
Unloading 1886 Unused Serialized files (Serialized files now loaded: 0)
System memory in use before: 93.6 MB.
System memory in use after: 93.7 MB.

Unloading 7 unused Assets to reduce memory usage. Loaded Objects now: 2397.
Total: 2.671600 ms (FindLiveObjects: 0.291200 ms CreateObjectMapping: 0.145100 ms MarkObjects: 2.197000 ms  DeleteObjects: 0.037000 ms)

========================================================================
Received Import Request.
  Time since last request: 294.226418 seconds.
  path: Assets/Scenes/SampleScene.unity
  artifactKey: Guid(2cda990e2423bbf4892e6590ba056729) Importer(815301076,1909f56bfc062723c751e8b465ee728b)
Start importing Assets/Scenes/SampleScene.unity using Guid(2cda990e2423bbf4892e6590ba056729) Importer(815301076,1909f56bfc062723c751e8b465ee728b)  -> (artifact id: '43b303ced140247daa540edbcfcd2ee8') in 0.022335 seconds
  Import took 0.026697 seconds .

========================================================================
Received Import Request.
  Time since last request: 9.512820 seconds.
  path: Assets/Scenes/LevelOne.unity
  artifactKey: Guid(2cda990e2423bbf4892e6590ba056729) Importer(815301076,1909f56bfc062723c751e8b465ee728b)
Start importing Assets/Scenes/LevelOne.unity using Guid(2cda990e2423bbf4892e6590ba056729) Importer(815301076,1909f56bfc062723c751e8b465ee728b)  -> (artifact id: 'c087c250af798cbe3cfe2c22af3057d1') in 0.011076 seconds
  Import took 0.015965 seconds .

========================================================================
Received Import Request.
  Time since last request: 12.289908 seconds.
  path: Assets/Scenes/LevelTwo.unity
  artifactKey: Guid(bd6427a31379cbf43b19b8b5878132c2) Importer(815301076,1909f56bfc062723c751e8b465ee728b)
Start importing Assets/Scenes/LevelTwo.unity using Guid(bd6427a31379cbf43b19b8b5878132c2) Importer(815301076,1909f56bfc062723c751e8b465ee728b)  -> (artifact id: '78e7e3faab0d39a936593002691f5e2f') in 0.011838 seconds
  Import took 0.015812 seconds .

========================================================================
Received Import Request.
  Time since last request: 759.747340 seconds.
  path: Assets/Prefabs/Platform.prefab
  artifactKey: Guid(338fcb61b0bab2943b22b92b74b73998) Importer(815301076,1909f56bfc062723c751e8b465ee728b)
Start importing Assets/Prefabs/Platform.prefab using Guid(338fcb61b0bab2943b22b92b74b73998) Importer(815301076,1909f56bfc062723c751e8b465ee728b)  -> (artifact id: '82ec863fa4b8930243fe1e9d196bbcce') in 0.095719 seconds
  Import took 0.100859 seconds .

========================================================================
Received Import Request.
  Time since last request: 3.272455 seconds.
  path: Assets/Scenes/LevelTwo.unity
  artifactKey: Guid(bd6427a31379cbf43b19b8b5878132c2) Importer(815301076,1909f56bfc062723c751e8b465ee728b)
Start importing Assets/Scenes/LevelTwo.unity using Guid(bd6427a31379cbf43b19b8b5878132c2) Importer(815301076,1909f56bfc062723c751e8b465ee728b)  -> (artifact id: '3d1fc704c20e69aeb44f0c082f490d83') in 0.010268 seconds
  Import took 0.014352 seconds .

========================================================================
Received Import Request.
  Time since last request: 0.000656 seconds.
  path: Assets/Scenes/LevelTwo.unity
  artifactKey: Guid(bd6427a31379cbf43b19b8b5878132c2) Importer(815301076,1909f56bfc062723c751e8b465ee728b)
Start importing Assets/Scenes/LevelTwo.unity using Guid(bd6427a31379cbf43b19b8b5878132c2) Importer(815301076,1909f56bfc062723c751e8b465ee728b)  -> (artifact id: '3d1fc704c20e69aeb44f0c082f490d83') in 0.008205 seconds
  Import took 0.011869 seconds .

========================================================================
Received Import Request.
  Time since last request: 435.615547 seconds.
  path: Assets/Scenes/LevelThree.unity
  artifactKey: Guid(b4f91960897e20c4ba1d928c75423c32) Importer(815301076,1909f56bfc062723c751e8b465ee728b)
Start importing Assets/Scenes/LevelThree.unity using Guid(b4f91960897e20c4ba1d928c75423c32) Importer(815301076,1909f56bfc062723c751e8b465ee728b)  -> (artifact id: 'd5b552a2a5e4ef5fcb10b7de8dfe4782') in 0.029285 seconds
  Import took 0.036052 seconds .

AssetImportWorkerClient::OnTransportError - code=2 error=End of file
