Using pre-set license
Built from '2020.2/release' branch; Version is '2020.2.0f1 (3721df5a8b28) revision 3613151'; Using compiler version '192528614'; Build Type 'Release'
OS: 'Windows 10  (10.0.0) 64bit' Language: 'en' Physical Memory: 8131 MB
BatchMode: 1, IsHumanControllingUs: 0, StartBugReporterOnCrash: 0, Is64bit: 1, IsPro: 0

 COMMAND LINE ARGUMENTS:
C:\Program Files\Unity\Hub\Editor\2020.2.0f1\Editor\Unity.exe
-adb2
-batchMode
-noUpm
-name
AssetImportWorker0
-projectPath
D:/aaron/Documents/College/Programming Fundamentals/Unity/2D Adventure Game/2D Adventure Game
-logFile
Logs/AssetImportWorker0.log
-srvPort
64247
Successfully changed project path to: D:/aaron/Documents/College/Programming Fundamentals/Unity/2D Adventure Game/2D Adventure Game
D:/aaron/Documents/College/Programming Fundamentals/Unity/2D Adventure Game/2D Adventure Game
Using Asset Import Pipeline V2.
Refreshing native plugins compatible for Editor in 42.64 ms, found 1 plugins.
Preloading 0 native plugins for Editor in 0.00 ms.
Initialize engine version: 2020.2.0f1 (3721df5a8b28)
[Subsystems] Discovering subsystems at path C:/Program Files/Unity/Hub/Editor/2020.2.0f1/Editor/Data/Resources/UnitySubsystems
[Subsystems] Discovering subsystems at path D:/aaron/Documents/College/Programming Fundamentals/Unity/2D Adventure Game/2D Adventure Game/Assets
GfxDevice: creating device client; threaded=0
Direct3D:
    Version:  Direct3D 11.0 [level 11.1]
    Renderer: NVIDIA GeForce GTX 960 (ID=0x1401)
    Vendor:   
    VRAM:     2007 MB
    Driver:   27.21.14.6140
Initialize mono
Mono path[0] = 'C:/Program Files/Unity/Hub/Editor/2020.2.0f1/Editor/Data/Managed'
Mono path[1] = 'C:/Program Files/Unity/Hub/Editor/2020.2.0f1/Editor/Data/MonoBleedingEdge/lib/mono/unityjit'
Mono config path = 'C:/Program Files/Unity/Hub/Editor/2020.2.0f1/Editor/Data/MonoBleedingEdge/etc'
Using monoOptions --debugger-agent=transport=dt_socket,embedding=1,server=y,suspend=n,address=127.0.0.1:56676
Begin MonoManager ReloadAssembly
Registering precompiled unity dll's ...
Register platform support module: C:/Program Files/Unity/Hub/Editor/2020.2.0f1/Editor/Data/PlaybackEngines/WebGLSupport/UnityEditor.WebGL.Extensions.dll
Register platform support module: C:/Program Files/Unity/Hub/Editor/2020.2.0f1/Editor/Data/PlaybackEngines/WindowsStandaloneSupport/UnityEditor.WindowsStandalone.Extensions.dll
Registered in 0.003863 seconds.
Native extension for WindowsStandalone target not found
Native extension for WebGL target not found
Refreshing native plugins compatible for Editor in 55.63 ms, found 1 plugins.
Preloading 0 native plugins for Editor in 0.00 ms.
Invoked RoslynAnalysisRunner static constructor.
RoslynAnalysisRunner will not be running.
RoslynAnalysisRunner has terminated.
Mono: successfully reloaded assembly
- Completed reload, in  1.638 seconds
Platform modules already initialized, skipping
Registering precompiled user dll's ...
Registered in 0.001149 seconds.
Begin MonoManager ReloadAssembly
Native extension for WindowsStandalone target not found
Native extension for WebGL target not found
Refreshing native plugins compatible for Editor in 45.39 ms, found 1 plugins.
Preloading 0 native plugins for Editor in 0.00 ms.
Invoked RoslynAnalysisRunner static constructor.
RoslynAnalysisRunner will not be running.
RoslynAnalysisRunner has terminated.
Mono: successfully reloaded assembly
- Completed reload, in  1.270 seconds
Platform modules already initialized, skipping
========================================================================
Worker process is ready to serve import requests
Launched and connected shader compiler UnityShaderCompiler.exe after 0.05 seconds
Refreshing native plugins compatible for Editor in 0.39 ms, found 1 plugins.
Preloading 0 native plugins for Editor in 0.00 ms.
Unloading 1787 Unused Serialized files (Serialized files now loaded: 0)
System memory in use before: 84.3 MB.
System memory in use after: 84.2 MB.

Unloading 24 unused Assets to reduce memory usage. Loaded Objects now: 2226.
Total: 2.988300 ms (FindLiveObjects: 0.323200 ms CreateObjectMapping: 0.195200 ms MarkObjects: 2.334100 ms  DeleteObjects: 0.134100 ms)

========================================================================
Received Import Request.
  path: Assets
  artifactKey: Guid(00000000000000001000000000000000) Importer(815301076,1909f56bfc062723c751e8b465ee728b)
Start importing Assets using Guid(00000000000000001000000000000000) Importer(815301076,1909f56bfc062723c751e8b465ee728b)  -> (artifact id: 'b41cfa13f056e58f64cf5f3363de7353') in 0.016644 seconds
  Import took 0.020448 seconds .

========================================================================
Received Import Request.
  Time since last request: 294.751705 seconds.
  path: Assets/Textures
  artifactKey: Guid(1a40f4e4ab19f684b825e015cc70ee42) Importer(815301076,1909f56bfc062723c751e8b465ee728b)
Start importing Assets/Textures using Guid(1a40f4e4ab19f684b825e015cc70ee42) Importer(815301076,1909f56bfc062723c751e8b465ee728b)  -> (artifact id: '5e6f54783f4d924b24c13f7035abb7a8') in 0.011383 seconds
  Import took 0.022399 seconds .

========================================================================
Received Import Request.
  Time since last request: 73.063666 seconds.
  path: Assets/Textures/Char.png
  artifactKey: Guid(76fffa9582b37d047b305524293c048a) Importer(815301076,1909f56bfc062723c751e8b465ee728b)
Start importing Assets/Textures/Char.png using Guid(76fffa9582b37d047b305524293c048a) Importer(815301076,1909f56bfc062723c751e8b465ee728b)  -> (artifact id: '98ea42f8106bfeaa02d3babff320ca9a') in 0.190488 seconds
  Import took 0.197155 seconds .

========================================================================
Received Import Request.
  Time since last request: 0.000288 seconds.
  path: Assets/Textures/tex_level03_bck.png
  artifactKey: Guid(aaaa23ece2fb0044e9a615dd033d356a) Importer(815301076,1909f56bfc062723c751e8b465ee728b)
Start importing Assets/Textures/tex_level03_bck.png using Guid(aaaa23ece2fb0044e9a615dd033d356a) Importer(815301076,1909f56bfc062723c751e8b465ee728b)  -> (artifact id: '8c3b239475398c8bdb24bc29e48bba86') in 0.033396 seconds
  Import took 0.038236 seconds .

========================================================================
Received Import Request.
  Time since last request: 0.000198 seconds.
  path: Assets/Textures/Gem.png
  artifactKey: Guid(1aba6f359cd49ef478c34ad7e332b3d3) Importer(815301076,1909f56bfc062723c751e8b465ee728b)
Start importing Assets/Textures/Gem.png using Guid(1aba6f359cd49ef478c34ad7e332b3d3) Importer(815301076,1909f56bfc062723c751e8b465ee728b)  -> (artifact id: '598b6e22c8def3dfc5b9c5ca55a801a7') in 0.026697 seconds
  Import took 0.030125 seconds .

========================================================================
Received Import Request.
  Time since last request: 0.000203 seconds.
  path: Assets/Textures/tex_level01_design.png
  artifactKey: Guid(eb6f90031e1662947bf49d974c4a1506) Importer(815301076,1909f56bfc062723c751e8b465ee728b)
Start importing Assets/Textures/tex_level01_design.png using Guid(eb6f90031e1662947bf49d974c4a1506) Importer(815301076,1909f56bfc062723c751e8b465ee728b)  -> (artifact id: 'a136353ed1819e037ef9764e52c7e122') in 0.025822 seconds
  Import took 0.029042 seconds .

========================================================================
Received Import Request.
  Time since last request: 0.000206 seconds.
  path: Assets/Textures/tex_level03_design.png
  artifactKey: Guid(e339151a5362a804d9fa138e7b2a11e5) Importer(815301076,1909f56bfc062723c751e8b465ee728b)
Start importing Assets/Textures/tex_level03_design.png using Guid(e339151a5362a804d9fa138e7b2a11e5) Importer(815301076,1909f56bfc062723c751e8b465ee728b)  -> (artifact id: 'f2d544f14ff6f34eddd92c185403063d') in 0.024597 seconds
  Import took 0.028119 seconds .

========================================================================
Received Import Request.
  Time since last request: 0.000209 seconds.
  path: Assets/Textures/tex_level02_bck.png
  artifactKey: Guid(a7ca2c358f2738c4786faa828b42adec) Importer(815301076,1909f56bfc062723c751e8b465ee728b)
Start importing Assets/Textures/tex_level02_bck.png using Guid(a7ca2c358f2738c4786faa828b42adec) Importer(815301076,1909f56bfc062723c751e8b465ee728b)  -> (artifact id: '8e02ce04510e6340f3460831a45d379f') in 0.027130 seconds
  Import took 0.030765 seconds .

========================================================================
Received Import Request.
  Time since last request: 0.000190 seconds.
  path: Assets/Textures/tex_level02_design.png
  artifactKey: Guid(c4b0984349113e243bf7a4961944cf15) Importer(815301076,1909f56bfc062723c751e8b465ee728b)
Start importing Assets/Textures/tex_level02_design.png using Guid(c4b0984349113e243bf7a4961944cf15) Importer(815301076,1909f56bfc062723c751e8b465ee728b)  -> (artifact id: '50c075600b83fb57bc076d288aecdd28') in 0.026786 seconds
  Import took 0.030354 seconds .

========================================================================
Received Import Request.
  Time since last request: 0.000209 seconds.
  path: Assets/Textures/tex_level01_bck.png
  artifactKey: Guid(e977a0de67c70f94bbebbd50985a3b90) Importer(815301076,1909f56bfc062723c751e8b465ee728b)
Start importing Assets/Textures/tex_level01_bck.png using Guid(e977a0de67c70f94bbebbd50985a3b90) Importer(815301076,1909f56bfc062723c751e8b465ee728b)  -> (artifact id: '2bffb0cb556ccd977fa592af57745ebd') in 0.028609 seconds
  Import took 0.032121 seconds .

========================================================================
Received Import Request.
  Time since last request: 0.000196 seconds.
  path: Assets/Textures/tex_level02_design.png
  artifactKey: Guid(c4b0984349113e243bf7a4961944cf15) Importer(815301076,1909f56bfc062723c751e8b465ee728b)
Start importing Assets/Textures/tex_level02_design.png using Guid(c4b0984349113e243bf7a4961944cf15) Importer(815301076,1909f56bfc062723c751e8b465ee728b)  -> (artifact id: '50c075600b83fb57bc076d288aecdd28') in 0.017499 seconds
  Import took 0.020684 seconds .

========================================================================
Received Import Request.
  Time since last request: 0.000337 seconds.
  path: Assets/Textures/Platform.png
  artifactKey: Guid(65138b79fa2ba6b44bf6958ee0e00cf8) Importer(815301076,1909f56bfc062723c751e8b465ee728b)
Start importing Assets/Textures/Platform.png using Guid(65138b79fa2ba6b44bf6958ee0e00cf8) Importer(815301076,1909f56bfc062723c751e8b465ee728b)  -> (artifact id: '2089a36ba0dc7c90b65cdfce9a58af82') in 0.029838 seconds
  Import took 0.033719 seconds .

========================================================================
Received Import Request.
  Time since last request: 0.000666 seconds.
  path: Assets/Textures/tex_level02_hut.png
  artifactKey: Guid(9d6176f7d9673ef49b10596d98c1b7e6) Importer(815301076,1909f56bfc062723c751e8b465ee728b)
Start importing Assets/Textures/tex_level02_hut.png using Guid(9d6176f7d9673ef49b10596d98c1b7e6) Importer(815301076,1909f56bfc062723c751e8b465ee728b)  -> (artifact id: 'ee7bf511024d3711f860e248345d09df') in 0.022997 seconds
  Import took 0.028355 seconds .

